{"level":"info","message":"Mensagem enviada por SMS: 551199998888 -> teste de envio"}
{"level":"info","message":"Mensagem enviada por WhastApp: 551199998888 -> teste de envio"}
{"level":"info","message":"Mensagem enviada por e-Mail: bill@teste.com.br -> teste de envio"}
{"level":"info","message":"Mensagem enviada por SMS: 551199998888 -> teste de envio"}
{"level":"info","message":"Mensagem enviada por WhastApp: 551199998888 -> teste de envio"}
{"level":"info","message":"Mensagem enviada por e-Mail: bill@teste.com.br -> teste de envio"}
{"level":"info","message":"Cliente n達o possui canais cadastrados para envio!"}
{"level":"info","message":"Cliente n達o possui canais cadastrados para envio!"}
{"level":"info","message":"Cliente n達o possui canais cadastrados para envio!"}
{"level":"info","message":"Mensagem enviada por SMS: 551199998888 -> teste de envio"}
{"level":"info","message":"Mensagem enviada por WhastApp: 551199998888 -> teste de envio"}
{"level":"info","message":"Mensagem enviada por e-Mail: bill@teste.com.br -> teste de envio"}
{"level":"info","message":"Mensagem enviada por SMS: 551199998888 -> teste de envio"}
{"level":"info","message":"Mensagem enviada por WhastApp: 551199998888 -> teste de envio"}
{"level":"info","message":"Mensagem enviada por e-Mail: bill@teste.com.br -> teste de envio"}
{"level":"info","message":"Mensagem enviada por SMS: 551199998888 -> teste de envio"}
{"level":"info","message":"Mensagem enviada por WhastApp: 551199998888 -> teste de envio"}
{"level":"info","message":"Mensagem enviada por e-Mail: bill@teste.com.br -> teste de envio"}
{"level":"info","message":"Mensagem enviada por SMS: 551199998888 -> teste de envio"}
{"level":"info","message":"Mensagem enviada por WhastApp: 551199998888 -> teste de envio"}
{"level":"info","message":"Mensagem enviada por e-Mail: bill@teste.com.br -> teste de envio"}
{"level":"info","message":"Mensagem enviada por SMS: 551199998888 -> teste de envio"}
{"level":"info","message":"Mensagem enviada por WhastApp: 551199998888 -> teste de envio"}
{"level":"info","message":"Mensagem enviada por e-Mail: bill@teste.com.br -> teste de envio"}
{"level":"info","message":"Mensagem enviada por SMS: 551199998888 -> teste de envio"}
{"level":"info","message":"Mensagem enviada por WhastApp: 551199998888 -> teste de envio"}
{"level":"info","message":"Mensagem enviada por e-Mail: bill@teste.com.br -> teste de envio"}
{"level":"info","message":"Mensagem enviada por SMS: 551199998888 -> teste de envio"}
{"level":"info","message":"Mensagem enviada por WhastApp: 551199998888 -> teste de envio"}
{"level":"info","message":"Mensagem enviada por e-Mail: bill@teste.com.br -> teste de envio"}
{"level":"info","message":"Mensagem enviada por SMS: 551199998888 -> teste de envio"}
{"level":"info","message":"Mensagem enviada por WhastApp: 551199998888 -> teste de envio"}
{"level":"info","message":"Mensagem enviada por e-Mail: bill@teste.com.br -> teste de envio"}
{"level":"info","message":"Mensagem enviada por SMS: 551199998888 -> teste de envio"}
{"level":"info","message":"Mensagem enviada por WhastApp: 551199998888 -> teste de envio"}
{"level":"info","message":"Mensagem enviada por e-Mail: bill@teste.com.br -> teste de envio"}
{"level":"info","message":"Mensagem enviada por SMS: 551199998888 -> teste de envio"}
{"level":"info","message":"Mensagem enviada por WhastApp: 551199998888 -> teste de envio"}
{"level":"info","message":"Mensagem enviada por e-Mail: bill@teste.com.br -> teste de envio"}
{"level":"info","message":"Mensagem enviada por SMS: 551199998888 -> teste de envio"}
{"level":"info","message":"Mensagem enviada por WhastApp: 551199998888 -> teste de envio"}
{"level":"info","message":"Mensagem enviada por e-Mail: bill@teste.com.br -> teste de envio"}
{"level":"info","message":"Mensagem enviada por SMS: 551199998888 -> teste de envio"}
{"level":"info","message":"Mensagem enviada por WhastApp: 551199998888 -> teste de envio"}
{"level":"info","message":"Mensagem enviada por e-Mail: bill@teste.com.br -> teste de envio"}
{"level":"info","message":"Mensagem enviada por SMS: 551199998888 -> teste de envio"}
{"level":"info","message":"Mensagem enviada por WhastApp: 551199998888 -> teste de envio"}
{"level":"info","message":"Mensagem enviada por e-Mail: bill@teste.com.br -> teste de envio"}
{"level":"info","message":"Mensagem enviada por SMS: 551199998888 -> teste de envio"}
{"level":"info","message":"Mensagem enviada por WhastApp: 551199998888 -> teste de envio"}
{"level":"info","message":"Mensagem enviada por e-Mail: bill@teste.com.br -> teste de envio"}
{"level":"info","message":"Mensagem enviada por SMS: 551199998888 -> teste de envio"}
{"level":"info","message":"Mensagem enviada por WhastApp: 551199998888 -> teste de envio"}
{"level":"info","message":"Mensagem enviada por e-Mail: bill@teste.com.br -> teste de envio"}
{"level":"info","message":"Mensagem enviada por SMS: 551199998888 -> teste de envio"}
{"level":"info","message":"Mensagem enviada por WhastApp: 551199998888 -> teste de envio"}
{"level":"info","message":"Mensagem enviada por e-Mail: bill@teste.com.br -> teste de envio"}
{"level":"info","message":"Mensagem enviada por SMS: 551199998888 -> teste de envio"}
{"level":"info","message":"Mensagem enviada por WhastApp: 551199998888 -> teste de envio"}
{"level":"info","message":"Mensagem enviada por e-Mail: bill@teste.com.br -> teste de envio"}
{"level":"info","message":"Mensagem enviada por SMS: 551199998888 -> teste de envio"}
{"level":"info","message":"Mensagem enviada por SMS: 551199998888 -> teste de envio"}
{"level":"info","message":"Mensagem enviada por WhastApp: 551199998888 -> teste de envio"}
{"level":"info","message":"Mensagem enviada por e-Mail: bill@teste.com.br -> teste de envio"}
{"level":"info","message":"Mensagem enviada por SMS: 551199998888 -> teste de envio"}
{"level":"info","message":"Mensagem enviada por WhastApp: 551199998888 -> teste de envio"}
{"level":"info","message":"Mensagem enviada por e-Mail: bill@teste.com.br -> teste de envio"}
{"level":"info","message":"Mensagem enviada por SMS: 551199998888 -> teste de envio"}
{"level":"info","message":"Mensagem enviada por WhastApp: 551199998888 -> teste de envio"}
{"level":"info","message":"Mensagem enviada por e-Mail: bill@teste.com.br -> teste de envio"}
{"level":"info","message":"Mensagem enviada por SMS: 551199998888 -> teste de envio"}
{"level":"info","message":"Mensagem enviada por WhastApp: 551199998888 -> teste de envio"}
{"level":"info","message":"Mensagem enviada por e-Mail: bill@teste.com.br -> teste de envio"}
{"level":"info","message":"Mensagem enviada por SMS: 551199998888 -> teste de envio"}
{"level":"info","message":"Mensagem enviada por WhastApp: 551199998888 -> teste de envio"}
{"level":"info","message":"Mensagem enviada por e-Mail: bill@teste.com.br -> teste de envio"}
{"level":"info","message":"Mensagem enviada por SMS: 551199998888 -> teste de envio"}
{"level":"info","message":"Mensagem enviada por WhastApp: 551199998888 -> teste de envio"}
{"level":"info","message":"Mensagem enviada por e-Mail: bill@teste.com.br -> teste de envio"}
{"level":"info","message":"Mensagem enviada por SMS: 551199998888 -> teste de envio"}
{"level":"info","message":"Mensagem enviada por WhastApp: 551199998888 -> teste de envio"}
{"level":"info","message":"Mensagem enviada por e-Mail: bill@teste.com.br -> teste de envio"}
{"level":"info","message":"Mensagem enviada por SMS: 551199998888 -> teste de envio"}
{"level":"info","message":"Mensagem enviada por WhastApp: 551199998888 -> teste de envio"}
{"level":"info","message":"Mensagem enviada por e-Mail: bill@teste.com.br -> teste de envio"}
{"level":"info","message":"Mensagem enviada por SMS: 551199998888 -> teste de envio"}
{"level":"info","message":"Mensagem enviada por WhastApp: 551199998888 -> teste de envio"}
{"level":"info","message":"Mensagem enviada por e-Mail: bill@teste.com.br -> teste de envio"}
{"level":"info","message":"Mensagem enviada por SMS: 551199998888 -> teste de envio"}
{"level":"info","message":"Mensagem enviada por WhastApp: 551199998888 -> teste de envio"}
{"level":"info","message":"Mensagem enviada por e-Mail: bill@teste.com.br -> teste de envio"}
{"level":"info","message":"Mensagem enviada por SMS: 551198765432 -> teste de envio"}
{"level":"info","message":"Mensagem enviada por e-Mail: elon@teste.com.br -> teste de envio"}
{"level":"info","message":"Mensagem enviada por WhastApp: 551199887766 -> teste de envio"}
{"level":"info","message":"Mensagem enviada por e-Mail: steve@teste.com.br -> teste de envio"}
{"level":"info","message":"Mensagem enviada por e-Mail: tim@teste.com.br -> teste de envio"}
{"level":"info","message":"Cliente n達o possui canais cadastrados para envio!"}
{"level":"info","message":"Mensagem enviada por SMS: 551199998888 -> teste de envio"}
{"level":"info","message":"Mensagem enviada por WhastApp: 551199998888 -> teste de envio"}
{"level":"info","message":"Mensagem enviada por e-Mail: bill@teste.com.br -> teste de envio"}
{"level":"info","message":"Mensagem enviada por SMS: 551199998888 -> teste de envio"}
{"level":"info","message":"Mensagem enviada por WhastApp: 551199998888 -> teste de envio"}
{"level":"info","message":"Mensagem enviada por e-Mail: bill@teste.com.br -> teste de envio"}
{"level":"info","message":"Mensagem enviada por SMS: 551199998888 -> undefined"}
{"level":"info","message":"Mensagem enviada por WhastApp: 551199998888 -> undefined"}
{"level":"info","message":"Mensagem enviada por e-Mail: bill@teste.com.br -> undefined"}
{"level":"info","message":"Mensagem enviada por SMS: 551199998888 -> undefined"}
{"level":"info","message":"Mensagem enviada por WhastApp: 551199998888 -> undefined"}
{"level":"info","message":"Mensagem enviada por e-Mail: bill@teste.com.br -> undefined"}
{"level":"info","message":"Mensagem enviada por SMS: 551199998888 -> undefined"}
{"level":"info","message":"Mensagem enviada por WhastApp: 551199998888 -> undefined"}
{"level":"info","message":"Mensagem enviada por e-Mail: bill@teste.com.br -> undefined"}
{"level":"info","message":"Mensagem enviada por SMS: 551199998888 -> undefined"}
{"level":"info","message":"Mensagem enviada por WhastApp: 551199998888 -> undefined"}
{"level":"info","message":"Mensagem enviada por e-Mail: bill@teste.com.br -> undefined"}
{"level":"info","message":"Mensagem enviada por SMS: 551199998888 -> undefined"}
{"level":"info","message":"Mensagem enviada por WhastApp: 551199998888 -> undefined"}
{"level":"info","message":"Mensagem enviada por e-Mail: bill@teste.com.br -> undefined"}
{"level":"info","message":"Mensagem enviada por SMS: 551199998888 -> undefined"}
{"level":"info","message":"Mensagem enviada por WhastApp: 551199998888 -> undefined"}
{"level":"info","message":"Mensagem enviada por e-Mail: bill@teste.com.br -> undefined"}
{"level":"info","message":"Mensagem enviada por SMS: 551199998888 -> undefined"}
{"level":"info","message":"Mensagem enviada por WhastApp: 551199998888 -> undefined"}
{"level":"info","message":"Mensagem enviada por e-Mail: bill@teste.com.br -> undefined"}
{"level":"info","message":"Mensagem enviada por SMS: 551199998888 -> undefined"}
{"level":"info","message":"Mensagem enviada por WhastApp: 551199998888 -> undefined"}
{"level":"info","message":"Mensagem enviada por e-Mail: bill@teste.com.br -> undefined"}
{"level":"info","message":"Mensagem enviada por SMS: 551199998888 -> undefined"}
{"level":"info","message":"Mensagem enviada por WhastApp: 551199998888 -> undefined"}
{"level":"info","message":"Mensagem enviada por e-Mail: bill@teste.com.br -> undefined"}
{"level":"info","message":"Mensagem enviada por SMS: 551199998888 -> undefined"}
{"level":"info","message":"Mensagem enviada por SMS: 551199998888 -> undefined"}
{"level":"info","message":"Mensagem enviada por WhastApp: 551199998888 -> undefined"}
{"level":"info","message":"Mensagem enviada por e-Mail: bill@teste.com.br -> undefined"}
{"level":"info","message":"Mensagem enviada por SMS: 551199998888 -> undefined"}
{"level":"info","message":"Mensagem enviada por WhastApp: 551199998888 -> undefined"}
{"level":"info","message":"Mensagem enviada por e-Mail: bill@teste.com.br -> undefined"}
{"level":"info","message":"Mensagem enviada por SMS: 551199998888 -> undefined"}
{"level":"info","message":"Mensagem enviada por WhastApp: 551199998888 -> undefined"}
{"level":"info","message":"Mensagem enviada por e-Mail: bill@teste.com.br -> undefined"}
{"level":"info","message":"Mensagem enviada por SMS: 551199998888 -> undefined"}
{"level":"info","message":"Mensagem enviada por WhastApp: 551199998888 -> undefined"}
{"level":"info","message":"Mensagem enviada por e-Mail: bill@teste.com.br -> undefined"}
{"level":"info","message":"Registro inserido com sucesso!"}
{"level":"info","message":"Mensagem enviada por SMS: 551199998888 -> undefined"}
{"level":"info","message":"Mensagem enviada por WhastApp: 551199998888 -> undefined"}
{"level":"info","message":"Mensagem enviada por e-Mail: bill@teste.com.br -> undefined"}
{"level":"info","message":"Registro inserido com sucesso!"}
{"level":"info","message":"Registro inserido com sucesso!"}
{"level":"info","message":"Registro inserido com sucesso!"}
